<?xml version="1.0" encoding="UTF-8"?>
<!-- Generated by org.testng.reporters.JUnitReportReporter -->
<testsuite hostname="LAPTOP-ALVRLO6C" name="org.testing.testScripts.TC1" tests="1" failures="0" timestamp="24 Aug 2024 13:48:31 GMT" time="6.604" errors="0">
  <testcase name="testCase1" time="6.604" classname="org.testing.testScripts.TC1"/>
</testsuite>
