<?xml version="1.0" encoding="UTF-8"?>
<!-- Generated by org.testng.reporters.JUnitReportReporter -->
<testsuite hostname="LAPTOP-ALVRLO6C" name="YTFramework.YTFW.TC1" tests="1" failures="0" timestamp="4 Aug 2024 13:15:49 GMT" time="0.009" errors="0">
  <testcase name="testcase1" time="0.009" classname="YTFramework.YTFW.TC1"/>
</testsuite>
