<?xml version="1.0" encoding="UTF-8"?>
<!-- Generated by org.testng.reporters.JUnitReportReporter -->
<testsuite hostname="LAPTOP-ALVRLO6C" name="org.testing.testScripts.ReportWithScreenshot" tests="1" failures="0" timestamp="25 Aug 2024 06:22:25 GMT" time="4.760" errors="0">
  <testcase name="testCase" time="4.760" classname="org.testing.testScripts.ReportWithScreenshot"/>
</testsuite>
